<?xml version="1.0" encoding="UTF-8"?>
<testExecutions version="1">
  <file path="/data/Courses/IMPACTA/MBA_ARQUITETURA_SOLUCOES_DIGITAIS/lab_automated_software_testing/aula_1/project/__tests__/model/NumeroConta.test.ts">
    <testCase name="Número Conta conta com seis dígitos" duration="8"/>
    <testCase name="Número Conta conta com cinco dígitos" duration="9"/>
    <testCase name="Número Conta conta com sete dígitos" duration="2"/>
    <testCase name="Número Conta conta com valor que não sejam digitos" duration="2"/>
  </file>
  <file path="/data/Courses/IMPACTA/MBA_ARQUITETURA_SOLUCOES_DIGITAIS/lab_automated_software_testing/aula_1/project/__tests__/model/service/TransferenciaValor.test.ts">
    <testCase name="Transferência Valor transferencia de valor entre contas com sucesso" duration="7"/>
  </file>
  <file path="/data/Courses/IMPACTA/MBA_ARQUITETURA_SOLUCOES_DIGITAIS/lab_automated_software_testing/aula_1/project/__tests__/application/TransferenciaServico.test.ts">
    <testCase name="Transferência Serviço transferir com sucesso" duration="7"/>
    <testCase name="Transferência Serviço conta de origem não encontrada" duration="2"/>
    <testCase name="Transferência Serviço conta de destino não encontrada" duration="1"/>
  </file>
  <file path="/data/Courses/IMPACTA/MBA_ARQUITETURA_SOLUCOES_DIGITAIS/lab_automated_software_testing/aula_1/project/__tests__/application/TransferenciaServicoMock.test.ts">
    <testCase name="Transferencia serviço mock transferir com sucesso" duration="16"/>
    <testCase name="Transferencia serviço mock conta de origem não encontrada" duration="1"/>
    <testCase name="Transferencia serviço mock conta de destino não encontrada" duration="2"/>
  </file>
  <file path="/data/Courses/IMPACTA/MBA_ARQUITETURA_SOLUCOES_DIGITAIS/lab_automated_software_testing/aula_1/project/__tests__/model/Conta.test.ts">
    <testCase name="Conta sacar com sucesso" duration="4"/>
    <testCase name="Conta sacar com valor zerado" duration="6"/>
    <testCase name="Conta sacar com valor negativo" duration="0"/>
    <testCase name="Conta sacar valor acima do saldo" duration="0"/>
    <testCase name="Conta depositar com sucesso" duration="1"/>
    <testCase name="Conta depositar com valor zerado" duration="0"/>
    <testCase name="Conta depositar com valor negativo" duration="0"/>
    <testCase name="Conta sacar todo o saldo" duration="0"/>
  </file>
  <file path="/data/Courses/IMPACTA/MBA_ARQUITETURA_SOLUCOES_DIGITAIS/lab_automated_software_testing/aula_1/project/__tests__/model/Recibo.test.ts">
    <testCase name="Recibo criar com sucesso" duration="4"/>
    <testCase name="Recibo criar recibos diferentes" duration="1"/>
    <testCase name="Recibo criar recibos com código positivo" duration="0"/>
  </file>
</testExecutions>